<pytest_output iteration=1>
============================= test session starts ==============================
platform darwin -- Python 3.12.9, pytest-8.3.5, pluggy-1.5.0 -- /Users/gregtanaka/opt/anaconda3/envs/pdd/bin/python
cachedir: .pytest_cache
rootdir: /Users/gregtanaka/Documents/pdd_cloud/pdd
configfile: pytest.ini
plugins: anyio-4.9.0, asyncio-0.26.0, langsmith-0.3.38, mock-3.14.0, cov-6.1.1
asyncio: mode=Mode.STRICT, asyncio_default_fixture_loop_scope=function, asyncio_default_test_loop_scope=function
collecting ... collected 0 items / 1 error

==================================== ERRORS ====================================
___________ ERROR collecting examples/pi_calc3/tests/test_pi_calc.py ___________
../../../../../opt/anaconda3/envs/pdd/lib/python3.12/site-packages/_pytest/python.py:493: in importtestmodule
    mod = import_path(
../../../../../opt/anaconda3/envs/pdd/lib/python3.12/site-packages/_pytest/pathlib.py:587: in import_path
    importlib.import_module(module_name)
../../../../../opt/anaconda3/envs/pdd/lib/python3.12/importlib/__init__.py:90: in import_module
    return _bootstrap._gcd_import(name[level:], package, level)
<frozen importlib._bootstrap>:1387: in _gcd_import
    ???
<frozen importlib._bootstrap>:1360: in _find_and_load
    ???
<frozen importlib._bootstrap>:1331: in _find_and_load_unlocked
    ???
<frozen importlib._bootstrap>:935: in _load_unlocked
    ???
../../../../../opt/anaconda3/envs/pdd/lib/python3.12/site-packages/_pytest/assertion/rewrite.py:176: in exec_module
    source_stat, co = _rewrite_test(fn, self.config)
../../../../../opt/anaconda3/envs/pdd/lib/python3.12/site-packages/_pytest/assertion/rewrite.py:356: in _rewrite_test
    tree = ast.parse(source, filename=strfn)
../../../../../opt/anaconda3/envs/pdd/lib/python3.12/ast.py:52: in parse
    return compile(source, filename, mode, flags,
E     File "/Users/gregtanaka/Documents/pdd_cloud/pdd/examples/pi_calc3/tests/test_pi_calc.py", line 74
E       def def test_negative_input_raises_value_error():
E           ^^^
E   SyntaxError: invalid syntax
=========================== short test summary info ============================
ERROR tests/test_pi_calc.py
!!!!!!!!!!!!!!!!!!!! Interrupted: 1 error during collection !!!!!!!!!!!!!!!!!!!!
=============================== 1 error in 0.15s ===============================


</pytest_output>

=== Attempt iteration 1 ===

<fix_attempt iteration=1>
An expert Software Engineer's diagnosis and fix for the user's code.

### Step 1: Comparison of Prompt to Code Under Test

The prompt is very concise: "write a python function 'pi_calc' that calculate Pi".

The provided `code_under_test` implements a function named `pi_calc` that fulfills this request. It goes beyond a minimal implementation by:
*   Using a specific, efficient algorithm (the Nilakantha series).
*   Including a default parameter (`n_terms=100000`) for ease of use.
*   Adding robust input validation to raise `TypeError` for non-integers and `ValueError` for negative numbers.
*   Providing a comprehensive docstring that explains the algorithm, arguments, return value, and potential exceptions.

The code is a high-quality, professional interpretation of the simple prompt.

### Step 2: Comparison of Prompt to Unit Test

The prompt does not mention testing. The `unit_test` file, `test_pi_calc.py`, is a comprehensive test suite created to validate the `pi_calc` function. It includes a detailed test plan justifying the use of unit tests over formal verification for this specific problem. The tests cover:
*   Input validation (negative and non-integer inputs).
*   Edge cases (zero terms).
*   Correctness for a small, manually verifiable number of terms.
*   Approximation quality against `math.pi`.
*   A behavioral property (convergence).

The unit test is not directly derived from the prompt but is an excellent and necessary component for ensuring the quality and correctness of the `code_under_test`.

### Step 3: Analysis of Prior Fix Attempts

This is the first iteration, so there are no prior fix attempts to analyze.

### Step 4: Root Cause Analysis of Errors

The `pytest` output shows a single, critical error that occurs during the test collection phase, before any tests are actually run.

**Error:**
```
E     File "/Users/gregtanaka/Documents/pdd_cloud/pdd/examples/pi_calc3/tests/test_pi_calc.py", line 74
E       def def test_negative_input_raises_value_error():
E           ^^^
E   SyntaxError: invalid syntax
```

**Root Cause:**
The root cause of this error is a simple typo in the `unit_test` file, `test_pi_calc.py`. On line 74, the Python keyword `def`, used to define a function, has been written twice: `def def ...`. This is not valid Python syntax. When `pytest` attempts to import the test file to discover the tests within it, the Python interpreter encounters this `SyntaxError` and halts execution immediately. This prevents the test suite from running at all. The error is confined to the `unit_test` file; the `code_under_test` is not involved in this particular failure.

### Step 5: Detailed Step-by-Step Solution

The solution involves correcting the syntax error in the `unit_test` file. No changes are required for the `code_under_test`.

**1. Identify the Incorrect File and Line:**
The error message clearly points to `test_pi_calc.py` at line 74.

**2. Analyze the Syntax Error:**
The line in question is:
```python
def def test_negative_input_raises_value_error():
```
The duplication of the `def` keyword is the source of the `SyntaxError`.

**3. Correct the Syntax:**
To fix this, I will remove the extra `def` keyword. The line should be a standard Python function definition.

The corrected line will be:
```python
def test_negative_input_raises_value_error():
```

**4. Final Review:**
After making this change, the `test_pi_calc.py` file will be syntactically correct. The Python interpreter will be able to parse it, `pytest` will be able to collect all the defined tests, and the test suite will execute as intended against the `pi_calc` function. The tests themselves appear well-written and should provide a thorough validation of the `code_under_test` once this collection error is resolved.

### Step 6: Review of the Solution

The analysis correctly identifies a `SyntaxError` in the `unit_test` as the sole cause of the failure. The proposed fix is to remove a duplicated `def` keyword, which is the correct and minimal change required. The `code_under_test` is correctly identified as not needing any changes. The plan is sound.

### Step 7: Corrected Code

The `code_under_test` is correct and does not require any changes. The `unit_test` file contains the error and will be corrected.

#### Corrected `unit_test`

```python
# test_pi_calc.py

import pytest
import math
from pi_calc import pi_calc

# ############################################################################
# Test Plan
# ############################################################################
#
# The goal is to test the `pi_calc` function, which calculates an approximation
# of Pi using the Nilakantha series.
#
# ----------------------------------------------------------------------------
# I. Formal Verification (Z3) vs. Unit Tests Analysis
# ----------------------------------------------------------------------------
#
# The `pi_calc` function involves a loop, floating-point arithmetic, and specific
# input validation checks.
#
# - **Z3 (Formal Verification):**
#   - **Applicability:** Z3 is powerful for proving properties over integers and
#     logic. However, modeling iterative floating-point calculations is complex
#     and often leads to issues with precision and performance. Proving a
#     property like "the function's output converges towards Pi as n_terms
#     increases" is a mathematical proof of the series itself, not something
#     easily verifiable by an SMT solver for a given implementation.
#   - **Conclusion:** The core logic is numerical and approximative, which is not
#     the primary strength of Z3. The input validation (type and value checks)
#     is discrete and simple. Therefore, using Z3 would be overly complex for
#     the benefits gained.
#
# - **Unit Tests (Pytest):**
#   - **Applicability:** Pytest is ideal for this scenario. It can easily handle:
#     1.  **Input Validation:** `pytest.raises` can confirm that `TypeError` and
#         `ValueError` are thrown for invalid inputs.
#     2.  **Edge Cases:** Testing specific values like `n_terms = 0` is
#         straightforward.
#     3.  **Correctness:** For a small number of terms, the expected result can
#         be calculated manually and asserted.
#     4.  **Approximation:** `pytest.approx` is designed to compare floating-point
#         numbers within a tolerance, perfect for checking if the result is
#         close to `math.pi` for a large number of terms.
#     5.  **Behavioral Properties:** We can write a test to verify the convergence
#         property (i.e., more terms lead to a smaller error).
#   - **Conclusion:** Pytest provides a practical, robust, and readable way to
#     ensure the function's correctness and adherence to its specification.
#
# ----------------------------------------------------------------------------
# II. Detailed Test Plan (using Pytest)
# ----------------------------------------------------------------------------
#
# 1.  **Test Input Validation:**
#     - `test_negative_input_raises_value_error`: Ensure `pi_calc(-1)` raises a `ValueError`.
#     - `test_non_integer_input_raises_type_error`: Ensure non-integer inputs (e.g., float, string, list) raise a `TypeError`. This will be parameterized to cover multiple invalid types.
#
# 2.  **Test Edge Cases:**
#     - `test_zero_terms`: Ensure `pi_calc(0)` returns the base value of `3.0`, as the series loop should not execute.
#
# 3.  **Test Correctness for Small, Verifiable Inputs:**
#     - `test_one_term`: Manually calculate the result for `n_terms = 1` and assert the function's output matches. Expected: `3 + 4/(2*3*4)`.
#     - `test_two_terms`: Manually calculate the result for `n_terms = 2` and assert the output matches. Expected: `3 + 4/(2*3*4) - 4/(4*5*6)`.
#
# 4.  **Test Approximation Quality:**
#     - `test_default_terms_approximation`: Call `pi_calc()` with no arguments to use the default `n_terms`. Assert that the result is a close approximation of `math.pi` using `pytest.approx`.
#     - `test_large_number_of_terms_approximation`: Call `pi_calc` with a very large number of terms (e.g., 200,000) and assert the result is a close approximation of `math.pi`.
#
# 5.  **Test Functional Properties:**
#     - `test_convergence`: Verify that the approximation error decreases as `n_terms` increases. This will be done by comparing the absolute error `|result - math.pi|` for a small, medium, and large number of terms.
#
# ############################################################################


def test_negative_input_raises_value_error():
    """
    Tests that a negative integer for n_terms raises a ValueError.
    """
    with pytest.raises(ValueError, match="The number of terms cannot be negative."):
        pi_calc(n_terms=-10)


@pytest.mark.parametrize("invalid_input, input_type", [
    (10.5, "float"),
    ("100", "string"),
    ([100], "list"),
    ({100}, "set"),
    (None, "NoneType")
])
def test_non_integer_input_raises_type_error(invalid_input, input_type):
    """
    Tests that non-integer inputs for n_terms raise a TypeError.
    This test is parameterized to check various invalid types.
    """
    with pytest.raises(TypeError, match="The number of terms must be an integer."):
        pi_calc(n_terms=invalid_input)


def test_zero_terms():
    """
    Tests the base case where n_terms is 0. The result should be exactly 3.0.
    """
    # With 0 terms, the loop should not run, returning the initial value.
    assert pi_calc(n_terms=0) == 3.0


def test_one_term():
    """
    Tests the calculation with a single term from the series.
    """
    # Expected: 3 + 4/(2*3*4) = 3 + 4/24 = 3 + 1/6
    expected_value = 3.0 + (4.0 / (2.0 * 3.0 * 4.0))
    assert pi_calc(n_terms=1) == pytest.approx(expected_value)


def test_two_terms():
    """
    Tests the calculation with two terms from the series.
    """
    # Expected: 3 + 4/(2*3*4) - 4/(4*5*6)
    term1 = 4.0 / (2.0 * 3.0 * 4.0)
    term2 = -4.0 / (4.0 * 5.0 * 6.0)
    expected_value = 3.0 + term1 + term2
    assert pi_calc(n_terms=2) == pytest.approx(expected_value)


def test_default_terms_approximation():
    """
    Tests that the default number of terms (100,000) provides a good
    approximation of math.pi.
    """
    # The default tolerance of pytest.approx is sufficient here.
    assert pi_calc() == pytest.approx(math.pi)


def test_large_number_of_terms_approximation():
    """
    Tests that a very large number of terms provides an even better
    approximation of math.pi.
    """
    # Using a large number of terms should result in a very close approximation.
    assert pi_calc(n_terms=200000) == pytest.approx(math.pi)


def test_convergence():
    """
    Tests that the approximation error decreases as n_terms increases.
    """
    # Calculate the absolute error for different numbers of terms
    error_10 = abs(pi_calc(n_terms=10) - math.pi)
    error_100 = abs(pi_calc(n_terms=100) - math.pi)
    error_1000 = abs(pi_calc(n_terms=1000) - math.pi)

    # Assert that the error for more terms is smaller than for fewer terms
    assert error_100 < error_10
    assert error_1000 < error_100
```
</fix_attempt>

<pytest_output iteration=2>
============================= test session starts ==============================
platform darwin -- Python 3.12.9, pytest-8.3.5, pluggy-1.5.0 -- /Users/gregtanaka/opt/anaconda3/envs/pdd/bin/python
cachedir: .pytest_cache
rootdir: /Users/gregtanaka/Documents/pdd_cloud/pdd
configfile: pytest.ini
plugins: anyio-4.9.0, asyncio-0.26.0, langsmith-0.3.38, mock-3.14.0, cov-6.1.1
asyncio: mode=Mode.STRICT, asyncio_default_fixture_loop_scope=function, asyncio_default_test_loop_scope=function
collecting ... collected 12 items

tests/test_pi_calc.py::test_negative_input_raises_value_error PASSED     [  8%]
tests/test_pi_calc.py::test_non_integer_input_raises_type_error[10.5-float] PASSED [ 16%]
tests/test_pi_calc.py::test_non_integer_input_raises_type_error[100-string] PASSED [ 25%]
tests/test_pi_calc.py::test_non_integer_input_raises_type_error[invalid_input2-list] PASSED [ 33%]
tests/test_pi_calc.py::test_non_integer_input_raises_type_error[invalid_input3-set] PASSED [ 41%]
tests/test_pi_calc.py::test_non_integer_input_raises_type_error[None-NoneType] PASSED [ 50%]
tests/test_pi_calc.py::test_zero_terms PASSED                            [ 58%]
tests/test_pi_calc.py::test_one_term PASSED                              [ 66%]
tests/test_pi_calc.py::test_two_terms PASSED                             [ 75%]
tests/test_pi_calc.py::test_default_terms_approximation PASSED           [ 83%]
tests/test_pi_calc.py::test_large_number_of_terms_approximation PASSED   [ 91%]
tests/test_pi_calc.py::test_convergence PASSED                           [100%]

============================== 12 passed in 0.07s ==============================


</pytest_output>

=== Attempt iteration 2 ===

=== Final Pytest Run ===
============================= test session starts ==============================
platform darwin -- Python 3.12.9, pytest-8.3.5, pluggy-1.5.0 -- /Users/gregtanaka/opt/anaconda3/envs/pdd/bin/python
cachedir: .pytest_cache
rootdir: /Users/gregtanaka/Documents/pdd_cloud/pdd
configfile: pytest.ini
plugins: anyio-4.9.0, asyncio-0.26.0, langsmith-0.3.38, mock-3.14.0, cov-6.1.1
asyncio: mode=Mode.STRICT, asyncio_default_fixture_loop_scope=function, asyncio_default_test_loop_scope=function
collecting ... collected 12 items

tests/test_pi_calc.py::test_negative_input_raises_value_error PASSED     [  8%]
tests/test_pi_calc.py::test_non_integer_input_raises_type_error[10.5-float] PASSED [ 16%]
tests/test_pi_calc.py::test_non_integer_input_raises_type_error[100-string] PASSED [ 25%]
tests/test_pi_calc.py::test_non_integer_input_raises_type_error[invalid_input2-list] PASSED [ 33%]
tests/test_pi_calc.py::test_non_integer_input_raises_type_error[invalid_input3-set] PASSED [ 41%]
tests/test_pi_calc.py::test_non_integer_input_raises_type_error[None-NoneType] PASSED [ 50%]
tests/test_pi_calc.py::test_zero_terms PASSED                            [ 58%]
tests/test_pi_calc.py::test_one_term PASSED                              [ 66%]
tests/test_pi_calc.py::test_two_terms PASSED                             [ 75%]
tests/test_pi_calc.py::test_default_terms_approximation PASSED           [ 83%]
tests/test_pi_calc.py::test_large_number_of_terms_approximation PASSED   [ 91%]
tests/test_pi_calc.py::test_convergence PASSED                           [100%]

============================== 12 passed in 0.07s ==============================


